<?xml version="1.0" encoding="UTF-8" ?>
<testsuite failures="0" time="0.664" errors="0" skipped="0" tests="5" name="com.globallogic.accessment.CSVStockMaxFinderTest">
  <properties>
    <property name="java.runtime.name" value="Java(TM) SE Runtime Environment"/>
    <property name="sun.boot.library.path" value="C:\Java\jdk1.6\jre\bin"/>
    <property name="java.vm.version" value="20.0-b11"/>
    <property name="java.vm.vendor" value="Sun Microsystems Inc."/>
    <property name="java.vendor.url" value="http://java.sun.com/"/>
    <property name="path.separator" value=";"/>
    <property name="java.vm.name" value="Java HotSpot(TM) Client VM"/>
    <property name="file.encoding.pkg" value="sun.io"/>
    <property name="user.country" value="US"/>
    <property name="sun.java.launcher" value="SUN_STANDARD"/>
    <property name="sun.os.patch.level" value=""/>
    <property name="java.vm.specification.name" value="Java Virtual Machine Specification"/>
    <property name="user.dir" value="D:\Global_logic_task\CSV_Share_Reader"/>
    <property name="java.runtime.version" value="1.6.0_25-b06"/>
    <property name="java.awt.graphicsenv" value="sun.awt.Win32GraphicsEnvironment"/>
    <property name="basedir" value="D:\Global_logic_task\CSV_Share_Reader"/>
    <property name="java.endorsed.dirs" value="C:\Java\jdk1.6\jre\lib\endorsed"/>
    <property name="os.arch" value="x86"/>
    <property name="surefire.real.class.path" value="D:\Global_logic_task\CSV_Share_Reader\target\surefire\surefirebooter6268996416301513421.jar"/>
    <property name="java.io.tmpdir" value="C:\Users\Saurabh\AppData\Local\Temp\"/>
    <property name="line.separator" value="
"/>
    <property name="java.vm.specification.vendor" value="Sun Microsystems Inc."/>
    <property name="user.variant" value=""/>
    <property name="os.name" value="Windows 7"/>
    <property name="sun.jnu.encoding" value="Cp1252"/>
    <property name="java.library.path" value="C:\Java\jdk1.6\jre\bin;.;C:\Windows\Sun\Java\bin;C:\Windows\system32;C:\Windows;C:\Windows\system32;C:\Windows;C:\Windows\System32\Wbem;C:\Windows\System32\WindowsPowerShell\v1.0\;C:\Java\jdk1.6\bin;C:\Java\jdk1.6\lib;C:\Java\jdk1.6\include;C:\apache-maven-3.0.3\bin;C:\Program Files\WIDCOMM\Bluetooth Software\;C:\Program Files\SlikSvn\bin\;C:\Program Files\TortoiseGit\bin;C:\MinGW\bin;C:\Program Files\Codebox\BitMeterOS;C:\Program Files\MySQL\MySQL Server 5.5\bin;C:\Program Files\Microsoft SQL Server\90\Tools\binn\;D:\apache-maven-3.0.3\bin;C:\Tomcat 7.0\lib\servlet-api.jar;;C:\Windows\system32\gs\gs7.05\bin;C:\Program Files\nodejs\;C:\Program Files\Mercurial;C:\Users\Saurabh\AppData\Roaming\npm"/>
    <property name="surefire.test.class.path" value="D:\Global_logic_task\CSV_Share_Reader\target\test-classes;D:\Global_logic_task\CSV_Share_Reader\target\classes;C:\Users\Saurabh\.m2\repository\junit\junit\4.11\junit-4.11.jar;C:\Users\Saurabh\.m2\repository\org\hamcrest\hamcrest-core\1.3\hamcrest-core-1.3.jar;"/>
    <property name="java.specification.name" value="Java Platform API Specification"/>
    <property name="java.class.version" value="50.0"/>
    <property name="sun.management.compiler" value="HotSpot Client Compiler"/>
    <property name="os.version" value="6.1"/>
    <property name="user.home" value="C:\Users\Saurabh"/>
    <property name="user.timezone" value="Asia/Calcutta"/>
    <property name="java.awt.printerjob" value="sun.awt.windows.WPrinterJob"/>
    <property name="java.specification.version" value="1.6"/>
    <property name="file.encoding" value="Cp1252"/>
    <property name="user.name" value="Saurabh"/>
    <property name="java.class.path" value="D:\Global_logic_task\CSV_Share_Reader\target\test-classes;D:\Global_logic_task\CSV_Share_Reader\target\classes;C:\Users\Saurabh\.m2\repository\junit\junit\4.11\junit-4.11.jar;C:\Users\Saurabh\.m2\repository\org\hamcrest\hamcrest-core\1.3\hamcrest-core-1.3.jar;"/>
    <property name="java.vm.specification.version" value="1.0"/>
    <property name="sun.arch.data.model" value="32"/>
    <property name="java.home" value="C:\Java\jdk1.6\jre"/>
    <property name="sun.java.command" value="D:\Global_logic_task\CSV_Share_Reader\target\surefire\surefirebooter6268996416301513421.jar D:\Global_logic_task\CSV_Share_Reader\target\surefire\surefire4758278145257323785tmp D:\Global_logic_task\CSV_Share_Reader\target\surefire\surefire6351681735903512088tmp"/>
    <property name="java.specification.vendor" value="Sun Microsystems Inc."/>
    <property name="user.language" value="en"/>
    <property name="awt.toolkit" value="sun.awt.windows.WToolkit"/>
    <property name="java.vm.info" value="mixed mode, sharing"/>
    <property name="java.version" value="1.6.0_25"/>
    <property name="java.ext.dirs" value="C:\Java\jdk1.6\jre\lib\ext;C:\Windows\Sun\Java\lib\ext"/>
    <property name="sun.boot.class.path" value="C:\Java\jdk1.6\jre\lib\resources.jar;C:\Java\jdk1.6\jre\lib\rt.jar;C:\Java\jdk1.6\jre\lib\sunrsasign.jar;C:\Java\jdk1.6\jre\lib\jsse.jar;C:\Java\jdk1.6\jre\lib\jce.jar;C:\Java\jdk1.6\jre\lib\charsets.jar;C:\Java\jdk1.6\jre\lib\modules\jdk.boot.jar;C:\Java\jdk1.6\jre\classes"/>
    <property name="java.vendor" value="Sun Microsystems Inc."/>
    <property name="localRepository" value="C:\Users\Saurabh\.m2\repository"/>
    <property name="file.separator" value="\"/>
    <property name="java.vendor.url.bug" value="http://java.sun.com/cgi-bin/bugreport.cgi"/>
    <property name="sun.cpu.endian" value="little"/>
    <property name="sun.io.unicode.encoding" value="UnicodeLittle"/>
    <property name="sun.desktop" value="windows"/>
    <property name="sun.cpu.isalist" value="pentium_pro+mmx pentium_pro pentium+mmx pentium i486 i386 i86"/>
  </properties>
  <testcase time="0.006" classname="com.globallogic.accessment.CSVStockMaxFinderTest" name="testGetMaxSharePrice"/>
  <testcase time="0.107" classname="com.globallogic.accessment.CSVStockMaxFinderTest" name="testGetData"/>
  <testcase time="0.002" classname="com.globallogic.accessment.CSVStockMaxFinderTest" name="tesGetMaxStockPerCompany"/>
  <testcase time="0" classname="com.globallogic.accessment.CSVStockMaxFinderTest" name="testSplitByComma"/>
  <testcase time="0.128" classname="com.globallogic.accessment.CSVStockMaxFinderTest" name="display"/>
</testsuite>